  [1m[35m (0.1ms)[0m  [1m[34mSELECT sqlite_version(*)[0m
  ↳ bin/rails:9
  [1m[35m (133.3ms)[0m  [1m[35mCREATE TABLE "schema_migrations" ("version" varchar NOT NULL PRIMARY KEY)[0m
  ↳ bin/rails:9
  [1m[35m (139.0ms)[0m  [1m[35mCREATE TABLE "ar_internal_metadata" ("key" varchar NOT NULL PRIMARY KEY, "value" varchar, "created_at" datetime NOT NULL, "updated_at" datetime NOT NULL)[0m
  ↳ bin/rails:9
  [1m[35m (0.3ms)[0m  [1m[34mSELECT "schema_migrations"."version" FROM "schema_migrations" ORDER BY "schema_migrations"."version" ASC[0m
  ↳ bin/rails:9
Migrating to CreateUsers (20180724174413)
  [1m[35m (0.1ms)[0m  [1m[36mbegin transaction[0m
  ↳ bin/rails:9
  [1m[35m (0.5ms)[0m  [1m[35mCREATE TABLE "users" ("id" integer PRIMARY KEY AUTOINCREMENT NOT NULL, "name" varchar, "email" varchar, "created_at" datetime NOT NULL, "updated_at" datetime NOT NULL)[0m
  ↳ db/migrate/20180724174413_create_users.rb:3
  [1m[36mActiveRecord::SchemaMigration Create (0.2ms)[0m  [1m[32mINSERT INTO "schema_migrations" ("version") VALUES (?)[0m  [["version", "20180724174413"]]
  ↳ bin/rails:9
  [1m[35m (129.9ms)[0m  [1m[36mcommit transaction[0m
  ↳ bin/rails:9
  [1m[36mActiveRecord::InternalMetadata Load (0.3ms)[0m  [1m[34mSELECT  "ar_internal_metadata".* FROM "ar_internal_metadata" WHERE "ar_internal_metadata"."key" = ? LIMIT ?[0m  [["key", "environment"], ["LIMIT", 1]]
  ↳ bin/rails:9
  [1m[35m (0.1ms)[0m  [1m[36mbegin transaction[0m
  ↳ bin/rails:9
  [1m[36mActiveRecord::InternalMetadata Create (0.3ms)[0m  [1m[32mINSERT INTO "ar_internal_metadata" ("key", "value", "created_at", "updated_at") VALUES (?, ?, ?, ?)[0m  [["key", "environment"], ["value", "development"], ["created_at", "2018-07-24 17:45:14.652663"], ["updated_at", "2018-07-24 17:45:14.652663"]]
  ↳ bin/rails:9
  [1m[35m (81.3ms)[0m  [1m[36mcommit transaction[0m
  ↳ bin/rails:9
  [1m[35m (0.4ms)[0m  [1m[34mSELECT "schema_migrations"."version" FROM "schema_migrations" ORDER BY "schema_migrations"."version" ASC[0m
  ↳ bin/rails:9
Started GET "/" for 127.0.0.1 at 2018-07-25 00:47:17 +0700
  [1m[35m (0.1ms)[0m  [1m[34mSELECT "schema_migrations"."version" FROM "schema_migrations" ORDER BY "schema_migrations"."version" ASC[0m
  ↳ /home/duong9294/.rbenv/versions/2.5.1/lib/ruby/gems/2.5.0/gems/activerecord-5.2.0/lib/active_record/log_subscriber.rb:98
Processing by ApplicationController#hello as HTML
  Rendering html template
  Rendered html template (0.0ms)
Completed 200 OK in 14ms (Views: 5.5ms | ActiveRecord: 0.0ms)


Started GET "/users" for 127.0.0.1 at 2018-07-25 00:48:27 +0700
Processing by UsersController#index as HTML
  Rendering users/index.html.erb within layouts/application
  [1m[36mUser Load (0.2ms)[0m  [1m[34mSELECT "users".* FROM "users"[0m
  ↳ app/views/users/index.html.erb:15
  Rendered users/index.html.erb within layouts/application (7.2ms)
Completed 200 OK in 2452ms (Views: 2446.3ms | ActiveRecord: 1.3ms)


Started GET "/users/1" for 127.0.0.1 at 2018-07-25 00:48:36 +0700
Processing by UsersController#show as HTML
  Parameters: {"id"=>"1"}
  [1m[36mUser Load (0.5ms)[0m  [1m[34mSELECT  "users".* FROM "users" WHERE "users"."id" = ? LIMIT ?[0m  [["id", 1], ["LIMIT", 1]]
  ↳ app/controllers/users_controller.rb:67
Completed 404 Not Found in 5ms (ActiveRecord: 1.2ms)


  
ActiveRecord::RecordNotFound (Couldn't find User with 'id'=1):
  
app/controllers/users_controller.rb:67:in `set_user'
Started GET "/users/news" for 127.0.0.1 at 2018-07-25 00:48:45 +0700
Processing by UsersController#show as HTML
  Parameters: {"id"=>"news"}
  [1m[36mUser Load (0.2ms)[0m  [1m[34mSELECT  "users".* FROM "users" WHERE "users"."id" = ? LIMIT ?[0m  [["id", 0], ["LIMIT", 1]]
  ↳ app/controllers/users_controller.rb:67
Completed 404 Not Found in 3ms (ActiveRecord: 0.2ms)


  
ActiveRecord::RecordNotFound (Couldn't find User with 'id'=news):
  
app/controllers/users_controller.rb:67:in `set_user'
Started GET "/users/new" for 127.0.0.1 at 2018-07-25 00:48:51 +0700
Processing by UsersController#new as HTML
  Rendering users/new.html.erb within layouts/application
  Rendered users/_form.html.erb (196.4ms)
  Rendered users/new.html.erb within layouts/application (198.1ms)
Completed 200 OK in 226ms (Views: 217.1ms | ActiveRecord: 0.0ms)


Started GET "/users/edit" for 127.0.0.1 at 2018-07-25 00:48:58 +0700
Processing by UsersController#show as HTML
  Parameters: {"id"=>"edit"}
  [1m[36mUser Load (0.1ms)[0m  [1m[34mSELECT  "users".* FROM "users" WHERE "users"."id" = ? LIMIT ?[0m  [["id", 0], ["LIMIT", 1]]
  ↳ app/controllers/users_controller.rb:67
Completed 404 Not Found in 2ms (ActiveRecord: 0.1ms)


  
ActiveRecord::RecordNotFound (Couldn't find User with 'id'=edit):
  
app/controllers/users_controller.rb:67:in `set_user'
Started GET "/users" for 127.0.0.1 at 2018-07-25 00:49:35 +0700
Processing by UsersController#index as HTML
  Rendering users/index.html.erb within layouts/application
  [1m[36mUser Load (0.3ms)[0m  [1m[34mSELECT "users".* FROM "users"[0m
  ↳ app/views/users/index.html.erb:15
  Rendered users/index.html.erb within layouts/application (3.3ms)
Completed 200 OK in 33ms (Views: 31.2ms | ActiveRecord: 0.3ms)


Started GET "/users/new" for 127.0.0.1 at 2018-07-25 00:49:37 +0700
Processing by UsersController#new as HTML
  Rendering users/new.html.erb within layouts/application
  Rendered users/_form.html.erb (2.6ms)
  Rendered users/new.html.erb within layouts/application (4.0ms)
Completed 200 OK in 29ms (Views: 26.8ms | ActiveRecord: 0.0ms)


Started POST "/users" for 127.0.0.1 at 2018-07-25 00:49:50 +0700
Processing by UsersController#create as HTML
  Parameters: {"utf8"=>"✓", "authenticity_token"=>"hhn1zP2YBi7/6IpBkyXHyT6yn4Otn2bdT+8h96NFGM/Cr39MnayXovPt6YNGYbZTQthBEVxs/MLTkttF7DnDQw==", "user"=>{"name"=>"duong", "email"=>"duong@gmail.com"}, "commit"=>"Create User"}
  [1m[35m (0.1ms)[0m  [1m[36mbegin transaction[0m
  ↳ app/controllers/users_controller.rb:30
  [1m[36mUser Create (0.3ms)[0m  [1m[32mINSERT INTO "users" ("name", "email", "created_at", "updated_at") VALUES (?, ?, ?, ?)[0m  [["name", "duong"], ["email", "duong@gmail.com"], ["created_at", "2018-07-24 17:49:50.970022"], ["updated_at", "2018-07-24 17:49:50.970022"]]
  ↳ app/controllers/users_controller.rb:30
  [1m[35m (130.4ms)[0m  [1m[36mcommit transaction[0m
  ↳ app/controllers/users_controller.rb:30
Redirected to http://localhost:3000/users/1
Completed 302 Found in 135ms (ActiveRecord: 130.8ms)


Started GET "/users/1" for 127.0.0.1 at 2018-07-25 00:49:51 +0700
Processing by UsersController#show as HTML
  Parameters: {"id"=>"1"}
  [1m[36mUser Load (0.4ms)[0m  [1m[34mSELECT  "users".* FROM "users" WHERE "users"."id" = ? LIMIT ?[0m  [["id", 1], ["LIMIT", 1]]
  ↳ app/controllers/users_controller.rb:67
  Rendering users/show.html.erb within layouts/application
  Rendered users/show.html.erb within layouts/application (1.5ms)
Completed 200 OK in 70ms (Views: 23.3ms | ActiveRecord: 0.4ms)


Started GET "/users/1/edit" for 127.0.0.1 at 2018-07-25 00:51:06 +0700
Processing by UsersController#edit as HTML
  Parameters: {"id"=>"1"}
  [1m[36mUser Load (0.2ms)[0m  [1m[34mSELECT  "users".* FROM "users" WHERE "users"."id" = ? LIMIT ?[0m  [["id", 1], ["LIMIT", 1]]
  ↳ app/controllers/users_controller.rb:67
  Rendering users/edit.html.erb within layouts/application
  Rendered users/_form.html.erb (3.8ms)
  Rendered users/edit.html.erb within layouts/application (5.5ms)
Completed 200 OK in 27ms (Views: 25.0ms | ActiveRecord: 0.2ms)


Started PATCH "/users/1" for 127.0.0.1 at 2018-07-25 00:51:09 +0700
Processing by UsersController#update as HTML
  Parameters: {"utf8"=>"✓", "authenticity_token"=>"HKZt0fgVuHZvoldXjUbngkNeTG3sKoajQPuBpeNYr95Ne9KbBjQLF3GrmzKKUq+v/xeJfxpaFBrWaprr2HQ7Gg==", "user"=>{"name"=>"duong123", "email"=>"duong@gmail.com"}, "commit"=>"Update User", "id"=>"1"}
  [1m[36mUser Load (0.2ms)[0m  [1m[34mSELECT  "users".* FROM "users" WHERE "users"."id" = ? LIMIT ?[0m  [["id", 1], ["LIMIT", 1]]
  ↳ app/controllers/users_controller.rb:67
  [1m[35m (0.1ms)[0m  [1m[36mbegin transaction[0m
  ↳ app/controllers/users_controller.rb:44
  [1m[36mUser Update (0.4ms)[0m  [1m[33mUPDATE "users" SET "name" = ?, "updated_at" = ? WHERE "users"."id" = ?[0m  [["name", "duong123"], ["updated_at", "2018-07-24 17:51:09.642822"], ["id", 1]]
  ↳ app/controllers/users_controller.rb:44
  [1m[35m (194.9ms)[0m  [1m[36mcommit transaction[0m
  ↳ app/controllers/users_controller.rb:44
Redirected to http://localhost:3000/users/1
Completed 302 Found in 203ms (ActiveRecord: 195.6ms)


Started GET "/users/1" for 127.0.0.1 at 2018-07-25 00:51:09 +0700
Processing by UsersController#show as HTML
  Parameters: {"id"=>"1"}
  [1m[36mUser Load (0.3ms)[0m  [1m[34mSELECT  "users".* FROM "users" WHERE "users"."id" = ? LIMIT ?[0m  [["id", 1], ["LIMIT", 1]]
  ↳ app/controllers/users_controller.rb:67
  Rendering users/show.html.erb within layouts/application
  Rendered users/show.html.erb within layouts/application (1.0ms)
Completed 200 OK in 23ms (Views: 20.4ms | ActiveRecord: 0.3ms)


Started GET "/users" for 127.0.0.1 at 2018-07-25 00:52:10 +0700
Processing by UsersController#index as HTML
  Rendering users/index.html.erb within layouts/application
  [1m[36mUser Load (0.2ms)[0m  [1m[34mSELECT "users".* FROM "users"[0m
  ↳ app/views/users/index.html.erb:15
  Rendered users/index.html.erb within layouts/application (2.9ms)
Completed 200 OK in 26ms (Views: 24.8ms | ActiveRecord: 0.2ms)


Started GET "/users/new" for 127.0.0.1 at 2018-07-25 00:52:13 +0700
Processing by UsersController#new as HTML
  Rendering users/new.html.erb within layouts/application
  Rendered users/_form.html.erb (2.3ms)
  Rendered users/new.html.erb within layouts/application (4.0ms)
Completed 200 OK in 26ms (Views: 23.9ms | ActiveRecord: 0.0ms)


Started POST "/users" for 127.0.0.1 at 2018-07-25 00:52:26 +0700
Processing by UsersController#create as HTML
  Parameters: {"utf8"=>"✓", "authenticity_token"=>"5ZmYKzL91On0hawqMCFBu5h1N2nPCtJHcP/g/PG/AhehLxKrUslFZfiAz+jlZTAh5B/p+z75SFjsghpOvsPZmw==", "user"=>{"name"=>"duong123456", "email"=>"duong123456@gmail.com"}, "commit"=>"Create User"}
  [1m[35m (0.1ms)[0m  [1m[36mbegin transaction[0m
  ↳ app/controllers/users_controller.rb:30
  [1m[36mUser Create (1.1ms)[0m  [1m[32mINSERT INTO "users" ("name", "email", "created_at", "updated_at") VALUES (?, ?, ?, ?)[0m  [["name", "duong123456"], ["email", "duong123456@gmail.com"], ["created_at", "2018-07-24 17:52:26.352165"], ["updated_at", "2018-07-24 17:52:26.352165"]]
  ↳ app/controllers/users_controller.rb:30
  [1m[35m (245.8ms)[0m  [1m[36mcommit transaction[0m
  ↳ app/controllers/users_controller.rb:30
Redirected to http://localhost:3000/users/2
Completed 302 Found in 254ms (ActiveRecord: 247.0ms)


Started GET "/users/2" for 127.0.0.1 at 2018-07-25 00:52:26 +0700
Processing by UsersController#show as HTML
  Parameters: {"id"=>"2"}
  [1m[36mUser Load (0.4ms)[0m  [1m[34mSELECT  "users".* FROM "users" WHERE "users"."id" = ? LIMIT ?[0m  [["id", 2], ["LIMIT", 1]]
  ↳ app/controllers/users_controller.rb:67
  Rendering users/show.html.erb within layouts/application
  Rendered users/show.html.erb within layouts/application (0.7ms)
Completed 200 OK in 30ms (Views: 26.7ms | ActiveRecord: 0.4ms)


Started GET "/users" for 127.0.0.1 at 2018-07-25 00:52:29 +0700
Processing by UsersController#index as HTML
  Rendering users/index.html.erb within layouts/application
  [1m[36mUser Load (0.5ms)[0m  [1m[34mSELECT "users".* FROM "users"[0m
  ↳ app/views/users/index.html.erb:15
  Rendered users/index.html.erb within layouts/application (4.0ms)
Completed 200 OK in 43ms (Views: 40.7ms | ActiveRecord: 0.5ms)


Started DELETE "/users/2" for 127.0.0.1 at 2018-07-25 00:53:47 +0700
Processing by UsersController#destroy as HTML
  Parameters: {"authenticity_token"=>"expOG3FR/fp8lS8JIE7Olm3jly2nzK96CUePUgCWOMgCRJQCKnTic1CpIo4A0RzAnzR+EVne2zYY43Z1vKzDEQ==", "id"=>"2"}
  [1m[36mUser Load (0.1ms)[0m  [1m[34mSELECT  "users".* FROM "users" WHERE "users"."id" = ? LIMIT ?[0m  [["id", 2], ["LIMIT", 1]]
  ↳ app/controllers/users_controller.rb:67
  [1m[35m (0.1ms)[0m  [1m[36mbegin transaction[0m
  ↳ app/controllers/users_controller.rb:57
  [1m[36mUser Destroy (2.2ms)[0m  [1m[31mDELETE FROM "users" WHERE "users"."id" = ?[0m  [["id", 2]]
  ↳ app/controllers/users_controller.rb:57
  [1m[35m (87.7ms)[0m  [1m[36mcommit transaction[0m
  ↳ app/controllers/users_controller.rb:57
Redirected to http://localhost:3000/users
Completed 302 Found in 97ms (ActiveRecord: 90.1ms)


Started GET "/users" for 127.0.0.1 at 2018-07-25 00:53:47 +0700
Processing by UsersController#index as HTML
  Rendering users/index.html.erb within layouts/application
  [1m[36mUser Load (0.3ms)[0m  [1m[34mSELECT "users".* FROM "users"[0m
  ↳ app/views/users/index.html.erb:15
  Rendered users/index.html.erb within layouts/application (2.9ms)
Completed 200 OK in 26ms (Views: 24.1ms | ActiveRecord: 0.3ms)


Started GET "/" for 127.0.0.1 at 2018-07-25 00:59:26 +0700
  
AbstractController::ActionNotFound (The action 'index' could not be found for ApplicationController):
  
actionpack (5.2.0) lib/abstract_controller/base.rb:129:in `process'
actionview (5.2.0) lib/action_view/rendering.rb:32:in `process'
actionpack (5.2.0) lib/action_controller/metal.rb:191:in `dispatch'
actionpack (5.2.0) lib/action_controller/metal.rb:252:in `dispatch'
actionpack (5.2.0) lib/action_dispatch/routing/route_set.rb:52:in `dispatch'
actionpack (5.2.0) lib/action_dispatch/routing/route_set.rb:34:in `serve'
actionpack (5.2.0) lib/action_dispatch/journey/router.rb:52:in `block in serve'
actionpack (5.2.0) lib/action_dispatch/journey/router.rb:35:in `each'
actionpack (5.2.0) lib/action_dispatch/journey/router.rb:35:in `serve'
actionpack (5.2.0) lib/action_dispatch/routing/route_set.rb:840:in `call'
rack (2.0.5) lib/rack/tempfile_reaper.rb:15:in `call'
rack (2.0.5) lib/rack/etag.rb:25:in `call'
rack (2.0.5) lib/rack/conditional_get.rb:25:in `call'
rack (2.0.5) lib/rack/head.rb:12:in `call'
actionpack (5.2.0) lib/action_dispatch/http/content_security_policy.rb:18:in `call'
rack (2.0.5) lib/rack/session/abstract/id.rb:232:in `context'
rack (2.0.5) lib/rack/session/abstract/id.rb:226:in `call'
actionpack (5.2.0) lib/action_dispatch/middleware/cookies.rb:670:in `call'
activerecord (5.2.0) lib/active_record/migration.rb:559:in `call'
actionpack (5.2.0) lib/action_dispatch/middleware/callbacks.rb:28:in `block in call'
activesupport (5.2.0) lib/active_support/callbacks.rb:98:in `run_callbacks'
actionpack (5.2.0) lib/action_dispatch/middleware/callbacks.rb:26:in `call'
actionpack (5.2.0) lib/action_dispatch/middleware/executor.rb:14:in `call'
actionpack (5.2.0) lib/action_dispatch/middleware/debug_exceptions.rb:61:in `call'
web-console (3.6.2) lib/web_console/middleware.rb:135:in `call_app'
web-console (3.6.2) lib/web_console/middleware.rb:30:in `block in call'
web-console (3.6.2) lib/web_console/middleware.rb:20:in `catch'
web-console (3.6.2) lib/web_console/middleware.rb:20:in `call'
actionpack (5.2.0) lib/action_dispatch/middleware/show_exceptions.rb:33:in `call'
railties (5.2.0) lib/rails/rack/logger.rb:38:in `call_app'
railties (5.2.0) lib/rails/rack/logger.rb:26:in `block in call'
activesupport (5.2.0) lib/active_support/tagged_logging.rb:71:in `block in tagged'
activesupport (5.2.0) lib/active_support/tagged_logging.rb:28:in `tagged'
activesupport (5.2.0) lib/active_support/tagged_logging.rb:71:in `tagged'
railties (5.2.0) lib/rails/rack/logger.rb:26:in `call'
sprockets-rails (3.2.1) lib/sprockets/rails/quiet_assets.rb:13:in `call'
actionpack (5.2.0) lib/action_dispatch/middleware/remote_ip.rb:81:in `call'
actionpack (5.2.0) lib/action_dispatch/middleware/request_id.rb:27:in `call'
rack (2.0.5) lib/rack/method_override.rb:22:in `call'
rack (2.0.5) lib/rack/runtime.rb:22:in `call'
activesupport (5.2.0) lib/active_support/cache/strategy/local_cache_middleware.rb:29:in `call'
actionpack (5.2.0) lib/action_dispatch/middleware/executor.rb:14:in `call'
actionpack (5.2.0) lib/action_dispatch/middleware/static.rb:127:in `call'
rack (2.0.5) lib/rack/sendfile.rb:111:in `call'
railties (5.2.0) lib/rails/engine.rb:524:in `call'
puma (3.12.0) lib/puma/configuration.rb:225:in `call'
puma (3.12.0) lib/puma/server.rb:658:in `handle_request'
puma (3.12.0) lib/puma/server.rb:472:in `process_client'
puma (3.12.0) lib/puma/server.rb:332:in `block in run'
puma (3.12.0) lib/puma/thread_pool.rb:133:in `block in spawn_thread'
Started GET "/users" for 127.0.0.1 at 2018-07-25 00:59:34 +0700
Processing by UsersController#index as HTML
  Rendering users/index.html.erb within layouts/application
  [1m[36mUser Load (0.2ms)[0m  [1m[34mSELECT "users".* FROM "users"[0m
  ↳ app/views/users/index.html.erb:15
  Rendered users/index.html.erb within layouts/application (10.4ms)
Completed 200 OK in 122ms (Views: 26.2ms | ActiveRecord: 0.9ms)


Started GET "/" for 127.0.0.1 at 2018-07-25 00:59:48 +0700
Processing by UsersController#index as HTML
  Rendering users/index.html.erb within layouts/application
  [1m[36mUser Load (0.2ms)[0m  [1m[34mSELECT "users".* FROM "users"[0m
  ↳ app/views/users/index.html.erb:15
  Rendered users/index.html.erb within layouts/application (10.7ms)
Completed 200 OK in 33ms (Views: 29.9ms | ActiveRecord: 0.7ms)


Started GET "/users/1" for 127.0.0.1 at 2018-07-25 01:23:34 +0700
Processing by UsersController#show as HTML
  Parameters: {"id"=>"1"}
  [1m[36mUser Load (0.2ms)[0m  [1m[34mSELECT  "users".* FROM "users" WHERE "users"."id" = ? LIMIT ?[0m  [["id", 1], ["LIMIT", 1]]
  ↳ app/controllers/users_controller.rb:67
  Rendering users/show.html.erb within layouts/application
  Rendered users/show.html.erb within layouts/application (0.9ms)
Completed 200 OK in 262ms (Views: 246.5ms | ActiveRecord: 0.2ms)


Started GET "/users/1/edit" for 127.0.0.1 at 2018-07-25 01:23:37 +0700
Processing by UsersController#edit as HTML
  Parameters: {"id"=>"1"}
  [1m[36mUser Load (0.1ms)[0m  [1m[34mSELECT  "users".* FROM "users" WHERE "users"."id" = ? LIMIT ?[0m  [["id", 1], ["LIMIT", 1]]
  ↳ app/controllers/users_controller.rb:67
  Rendering users/edit.html.erb within layouts/application
  Rendered users/_form.html.erb (3.7ms)
  Rendered users/edit.html.erb within layouts/application (25.8ms)
Completed 200 OK in 59ms (Views: 43.5ms | ActiveRecord: 0.1ms)


Started GET "/users/new" for 127.0.0.1 at 2018-07-25 01:23:39 +0700
Processing by UsersController#new as HTML
  Rendering users/new.html.erb within layouts/application
  Rendered users/_form.html.erb (2.6ms)
  Rendered users/new.html.erb within layouts/application (4.2ms)
Completed 200 OK in 39ms (Views: 37.4ms | ActiveRecord: 0.0ms)


Started POST "/users" for 127.0.0.1 at 2018-07-25 01:23:44 +0700
Processing by UsersController#create as HTML
  Parameters: {"utf8"=>"✓", "authenticity_token"=>"H1gSEBPj4gg3Ol2mni0mhCBX0tkUv/ND2tYT/xy0NwRb7piQc9dzhDs/PmRLaVceXD0MS+VMaVxGq+lNU8jsiA==", "user"=>{"name"=>"bbbbb", "email"=>"mmmmmm"}, "commit"=>"Create User"}
  [1m[35m (0.1ms)[0m  [1m[36mbegin transaction[0m
  ↳ app/controllers/users_controller.rb:30
  [1m[36mUser Create (49.3ms)[0m  [1m[32mINSERT INTO "users" ("name", "email", "created_at", "updated_at") VALUES (?, ?, ?, ?)[0m  [["name", "bbbbb"], ["email", "mmmmmm"], ["created_at", "2018-07-24 18:23:44.277701"], ["updated_at", "2018-07-24 18:23:44.277701"]]
  ↳ app/controllers/users_controller.rb:30
  [1m[35m (330.0ms)[0m  [1m[36mcommit transaction[0m
  ↳ app/controllers/users_controller.rb:30
Redirected to http://localhost:3000/users/3
Completed 302 Found in 386ms (ActiveRecord: 379.4ms)


Started GET "/users/3" for 127.0.0.1 at 2018-07-25 01:23:44 +0700
Processing by UsersController#show as HTML
  Parameters: {"id"=>"3"}
  [1m[36mUser Load (0.2ms)[0m  [1m[34mSELECT  "users".* FROM "users" WHERE "users"."id" = ? LIMIT ?[0m  [["id", 3], ["LIMIT", 1]]
  ↳ app/controllers/users_controller.rb:67
  Rendering users/show.html.erb within layouts/application
  Rendered users/show.html.erb within layouts/application (1.0ms)
Completed 200 OK in 21ms (Views: 19.0ms | ActiveRecord: 0.2ms)


Started GET "/users" for 127.0.0.1 at 2018-07-25 01:23:47 +0700
Processing by UsersController#index as HTML
  Rendering users/index.html.erb within layouts/application
  [1m[36mUser Load (0.2ms)[0m  [1m[34mSELECT "users".* FROM "users"[0m
  ↳ app/views/users/index.html.erb:15
  Rendered users/index.html.erb within layouts/application (2.3ms)
Completed 200 OK in 38ms (Views: 21.4ms | ActiveRecord: 0.2ms)


Started GET "/users/3/edit" for 127.0.0.1 at 2018-07-25 01:23:50 +0700
Processing by UsersController#edit as HTML
  Parameters: {"id"=>"3"}
  [1m[36mUser Load (0.3ms)[0m  [1m[34mSELECT  "users".* FROM "users" WHERE "users"."id" = ? LIMIT ?[0m  [["id", 3], ["LIMIT", 1]]
  ↳ app/controllers/users_controller.rb:67
  Rendering users/edit.html.erb within layouts/application
  Rendered users/_form.html.erb (2.8ms)
  Rendered users/edit.html.erb within layouts/application (4.3ms)
Completed 200 OK in 26ms (Views: 24.2ms | ActiveRecord: 0.3ms)


  [1m[35m (0.3ms)[0m  [1m[34mSELECT "schema_migrations"."version" FROM "schema_migrations" ORDER BY "schema_migrations"."version" ASC[0m
  ↳ bin/rails:9
Migrating to CreateMicroposts (20180724183411)
  [1m[35m (0.1ms)[0m  [1m[36mbegin transaction[0m
  ↳ bin/rails:9
  [1m[35m (0.1ms)[0m  [1m[34mSELECT sqlite_version(*)[0m
  ↳ db/migrate/20180724183411_create_microposts.rb:3
  [1m[35m (0.8ms)[0m  [1m[35mCREATE TABLE "microposts" ("id" integer PRIMARY KEY AUTOINCREMENT NOT NULL, "content" text, "user_id" integer, "created_at" datetime NOT NULL, "updated_at" datetime NOT NULL)[0m
  ↳ db/migrate/20180724183411_create_microposts.rb:3
  [1m[36mActiveRecord::SchemaMigration Create (0.2ms)[0m  [1m[32mINSERT INTO "schema_migrations" ("version") VALUES (?)[0m  [["version", "20180724183411"]]
  ↳ bin/rails:9
  [1m[35m (112.7ms)[0m  [1m[36mcommit transaction[0m
  ↳ bin/rails:9
  [1m[36mActiveRecord::InternalMetadata Load (0.5ms)[0m  [1m[34mSELECT  "ar_internal_metadata".* FROM "ar_internal_metadata" WHERE "ar_internal_metadata"."key" = ? LIMIT ?[0m  [["key", "environment"], ["LIMIT", 1]]
  ↳ bin/rails:9
  [1m[35m (0.1ms)[0m  [1m[36mbegin transaction[0m
  ↳ bin/rails:9
  [1m[35m (0.1ms)[0m  [1m[36mcommit transaction[0m
  ↳ bin/rails:9
  [1m[35m (0.3ms)[0m  [1m[34mSELECT "schema_migrations"."version" FROM "schema_migrations" ORDER BY "schema_migrations"."version" ASC[0m
  ↳ bin/rails:9
Started GET "/micropost" for 127.0.0.1 at 2018-07-25 01:37:00 +0700
  [1m[35m (0.1ms)[0m  [1m[34mSELECT "schema_migrations"."version" FROM "schema_migrations" ORDER BY "schema_migrations"."version" ASC[0m
  ↳ /home/duong9294/.rbenv/versions/2.5.1/lib/ruby/gems/2.5.0/gems/activerecord-5.2.0/lib/active_record/log_subscriber.rb:98
  
ActionController::RoutingError (No route matches [GET] "/micropost"):
  
actionpack (5.2.0) lib/action_dispatch/middleware/debug_exceptions.rb:65:in `call'
web-console (3.6.2) lib/web_console/middleware.rb:135:in `call_app'
web-console (3.6.2) lib/web_console/middleware.rb:30:in `block in call'
web-console (3.6.2) lib/web_console/middleware.rb:20:in `catch'
web-console (3.6.2) lib/web_console/middleware.rb:20:in `call'
actionpack (5.2.0) lib/action_dispatch/middleware/show_exceptions.rb:33:in `call'
railties (5.2.0) lib/rails/rack/logger.rb:38:in `call_app'
railties (5.2.0) lib/rails/rack/logger.rb:26:in `block in call'
activesupport (5.2.0) lib/active_support/tagged_logging.rb:71:in `block in tagged'
activesupport (5.2.0) lib/active_support/tagged_logging.rb:28:in `tagged'
activesupport (5.2.0) lib/active_support/tagged_logging.rb:71:in `tagged'
railties (5.2.0) lib/rails/rack/logger.rb:26:in `call'
sprockets-rails (3.2.1) lib/sprockets/rails/quiet_assets.rb:13:in `call'
actionpack (5.2.0) lib/action_dispatch/middleware/remote_ip.rb:81:in `call'
actionpack (5.2.0) lib/action_dispatch/middleware/request_id.rb:27:in `call'
rack (2.0.5) lib/rack/method_override.rb:22:in `call'
rack (2.0.5) lib/rack/runtime.rb:22:in `call'
activesupport (5.2.0) lib/active_support/cache/strategy/local_cache_middleware.rb:29:in `call'
actionpack (5.2.0) lib/action_dispatch/middleware/executor.rb:14:in `call'
actionpack (5.2.0) lib/action_dispatch/middleware/static.rb:127:in `call'
rack (2.0.5) lib/rack/sendfile.rb:111:in `call'
railties (5.2.0) lib/rails/engine.rb:524:in `call'
puma (3.12.0) lib/puma/configuration.rb:225:in `call'
puma (3.12.0) lib/puma/server.rb:658:in `handle_request'
puma (3.12.0) lib/puma/server.rb:472:in `process_client'
puma (3.12.0) lib/puma/server.rb:332:in `block in run'
puma (3.12.0) lib/puma/thread_pool.rb:133:in `block in spawn_thread'
Started GET "/microposts" for 127.0.0.1 at 2018-07-25 01:37:06 +0700
Processing by MicropostsController#index as HTML
  Rendering microposts/index.html.erb within layouts/application
  [1m[36mMicropost Load (0.3ms)[0m  [1m[34mSELECT "microposts".* FROM "microposts"[0m
  ↳ app/views/microposts/index.html.erb:15
  Rendered microposts/index.html.erb within layouts/application (5.1ms)
Completed 200 OK in 231ms (Views: 207.7ms | ActiveRecord: 1.1ms)


Started GET "/microposts/new" for 127.0.0.1 at 2018-07-25 01:37:08 +0700
Processing by MicropostsController#new as HTML
  Rendering microposts/new.html.erb within layouts/application
  Rendered microposts/_form.html.erb (68.0ms)
  Rendered microposts/new.html.erb within layouts/application (69.5ms)
Completed 200 OK in 98ms (Views: 89.4ms | ActiveRecord: 0.6ms)


Started POST "/microposts" for 127.0.0.1 at 2018-07-25 01:37:30 +0700
Processing by MicropostsController#create as HTML
  Parameters: {"utf8"=>"✓", "authenticity_token"=>"VZGi3kEnzV2DKw0t5755kSio1/hPeva89hW14hjkaVzhyoqdPQ/64NYBwCuFPslALdY5I+sLUWPFiaeoQOkqiQ==", "micropost"=>{"content"=>"First Micropost", "user_id"=>"1"}, "commit"=>"Create Micropost"}
  [1m[35m (0.1ms)[0m  [1m[36mbegin transaction[0m
  ↳ app/controllers/microposts_controller.rb:30
  [1m[36mMicropost Create (2.2ms)[0m  [1m[32mINSERT INTO "microposts" ("content", "user_id", "created_at", "updated_at") VALUES (?, ?, ?, ?)[0m  [["content", "First Micropost"], ["user_id", 1], ["created_at", "2018-07-24 18:37:30.841973"], ["updated_at", "2018-07-24 18:37:30.841973"]]
  ↳ app/controllers/microposts_controller.rb:30
  [1m[35m (82.7ms)[0m  [1m[36mcommit transaction[0m
  ↳ app/controllers/microposts_controller.rb:30
Redirected to http://localhost:3000/microposts/1
Completed 302 Found in 92ms (ActiveRecord: 85.0ms)


Started GET "/microposts/1" for 127.0.0.1 at 2018-07-25 01:37:30 +0700
Processing by MicropostsController#show as HTML
  Parameters: {"id"=>"1"}
  [1m[36mMicropost Load (0.7ms)[0m  [1m[34mSELECT  "microposts".* FROM "microposts" WHERE "microposts"."id" = ? LIMIT ?[0m  [["id", 1], ["LIMIT", 1]]
  ↳ app/controllers/microposts_controller.rb:67
  Rendering microposts/show.html.erb within layouts/application
  Rendered microposts/show.html.erb within layouts/application (0.8ms)
Completed 200 OK in 24ms (Views: 20.0ms | ActiveRecord: 0.7ms)


Started GET "/microposts" for 127.0.0.1 at 2018-07-25 01:37:32 +0700
Processing by MicropostsController#index as HTML
  Rendering microposts/index.html.erb within layouts/application
  [1m[36mMicropost Load (0.2ms)[0m  [1m[34mSELECT "microposts".* FROM "microposts"[0m
  ↳ app/views/microposts/index.html.erb:15
  Rendered microposts/index.html.erb within layouts/application (2.8ms)
Completed 200 OK in 28ms (Views: 26.0ms | ActiveRecord: 0.2ms)


Started GET "/microposts/new" for 127.0.0.1 at 2018-07-25 01:37:59 +0700
Processing by MicropostsController#new as HTML
  Rendering microposts/new.html.erb within layouts/application
  Rendered microposts/_form.html.erb (3.2ms)
  Rendered microposts/new.html.erb within layouts/application (4.7ms)
Completed 200 OK in 25ms (Views: 23.9ms | ActiveRecord: 0.0ms)


Started POST "/microposts" for 127.0.0.1 at 2018-07-25 01:38:13 +0700
Processing by MicropostsController#create as HTML
  Parameters: {"utf8"=>"✓", "authenticity_token"=>"kjCtuepDdcMUhZfLgPcE2xN6B3ko8qvM5cOicHLakogma4X6lmtCfkGvWs3id7QKFgTpooyDDBPWX7A6KtfRXQ==", "micropost"=>{"content"=>"Secound Micropost", "user_id"=>"1"}, "commit"=>"Create Micropost"}
  [1m[35m (0.1ms)[0m  [1m[36mbegin transaction[0m
  ↳ app/controllers/microposts_controller.rb:30
  [1m[36mMicropost Create (0.5ms)[0m  [1m[32mINSERT INTO "microposts" ("content", "user_id", "created_at", "updated_at") VALUES (?, ?, ?, ?)[0m  [["content", "Secound Micropost"], ["user_id", 1], ["created_at", "2018-07-24 18:38:13.732862"], ["updated_at", "2018-07-24 18:38:13.732862"]]
  ↳ app/controllers/microposts_controller.rb:30
  [1m[35m (108.9ms)[0m  [1m[36mcommit transaction[0m
  ↳ app/controllers/microposts_controller.rb:30
Redirected to http://localhost:3000/microposts/2
Completed 302 Found in 115ms (ActiveRecord: 109.6ms)


Started GET "/microposts/2" for 127.0.0.1 at 2018-07-25 01:38:13 +0700
Processing by MicropostsController#show as HTML
  Parameters: {"id"=>"2"}
  [1m[36mMicropost Load (0.2ms)[0m  [1m[34mSELECT  "microposts".* FROM "microposts" WHERE "microposts"."id" = ? LIMIT ?[0m  [["id", 2], ["LIMIT", 1]]
  ↳ app/controllers/microposts_controller.rb:67
  Rendering microposts/show.html.erb within layouts/application
  Rendered microposts/show.html.erb within layouts/application (1.1ms)
Completed 200 OK in 26ms (Views: 23.2ms | ActiveRecord: 0.2ms)


Started GET "/microposts" for 127.0.0.1 at 2018-07-25 01:38:15 +0700
Processing by MicropostsController#index as HTML
  Rendering microposts/index.html.erb within layouts/application
  [1m[36mMicropost Load (0.2ms)[0m  [1m[34mSELECT "microposts".* FROM "microposts"[0m
  ↳ app/views/microposts/index.html.erb:15
  Rendered microposts/index.html.erb within layouts/application (2.9ms)
Completed 200 OK in 29ms (Views: 27.7ms | ActiveRecord: 0.2ms)


Started GET "/microposts/new" for 127.0.0.1 at 2018-07-25 01:51:43 +0700
Processing by MicropostsController#new as HTML
  Rendering microposts/new.html.erb within layouts/application
  Rendered microposts/_form.html.erb (2.4ms)
  Rendered microposts/new.html.erb within layouts/application (3.6ms)
Completed 200 OK in 106ms (Views: 75.1ms | ActiveRecord: 1.4ms)


Started POST "/microposts" for 127.0.0.1 at 2018-07-25 01:51:56 +0700
Processing by MicropostsController#create as HTML
  Parameters: {"utf8"=>"✓", "authenticity_token"=>"TgxHB+dcYZ4kH6ppd+bISrns9n3fg8YJNQ4QjNwW8s/6V29Em3RWI3E1Z28VZnibvJIYpnvyYdYGkgLGhBuxGg==", "micropost"=>{"content"=>"ffffffffffffffffffffffffffffffffffffffffffffffffffffffffffffffffffffffffffffffffffffffffffffffffffffffffffffffffffffffffffffffffffffffffffffffffffffffffffffffffffffffffffffffffffffffffffffffffffffffffffffffffffffffffffffffffffffffffffffffffffffffffffffffffffffffffff", "user_id"=>"1"}, "commit"=>"Create Micropost"}
  [1m[35m (0.2ms)[0m  [1m[36mbegin transaction[0m
  ↳ app/controllers/microposts_controller.rb:30
  [1m[35m (0.1ms)[0m  [1m[31mrollback transaction[0m
  ↳ app/controllers/microposts_controller.rb:30
  Rendering microposts/new.html.erb within layouts/application
  Rendered microposts/_form.html.erb (3.4ms)
  Rendered microposts/new.html.erb within layouts/application (5.1ms)
Completed 200 OK in 355ms (Views: 347.8ms | ActiveRecord: 0.3ms)


  [1m[36mUser Load (0.2ms)[0m  [1m[34mSELECT  "users".* FROM "users" ORDER BY "users"."id" ASC LIMIT ?[0m  [["LIMIT", 1]]
  [1m[36mMicropost Load (0.2ms)[0m  [1m[34mSELECT  "microposts".* FROM "microposts" WHERE "microposts"."user_id" = ? LIMIT ?[0m  [["user_id", 1], ["LIMIT", 11]]
  [1m[36mMicropost Load (0.4ms)[0m  [1m[34mSELECT  "microposts".* FROM "microposts" WHERE "microposts"."user_id" = ? ORDER BY "microposts"."id" ASC LIMIT ?[0m  [["user_id", 1], ["LIMIT", 1]]
Started GET "/microposts" for 127.0.0.1 at 2018-07-25 02:06:13 +0700
Processing by MicropostsController#index as HTML
  Rendering microposts/index.html.erb within layouts/application
  [1m[36mMicropost Load (0.3ms)[0m  [1m[34mSELECT "microposts".* FROM "microposts"[0m
  ↳ app/views/microposts/index.html.erb:15
  Rendered microposts/index.html.erb within layouts/application (10.7ms)
Completed 200 OK in 229ms (Views: 27.5ms | ActiveRecord: 1.3ms)


Started GET "/microposts/new" for 127.0.0.1 at 2018-07-25 02:06:14 +0700
Processing by MicropostsController#new as HTML
  Rendering microposts/new.html.erb within layouts/application
  Rendered microposts/_form.html.erb (2.8ms)
  Rendered microposts/new.html.erb within layouts/application (5.4ms)
Completed 200 OK in 39ms (Views: 38.0ms | ActiveRecord: 0.0ms)


Started POST "/microposts" for 127.0.0.1 at 2018-07-25 02:06:15 +0700
Processing by MicropostsController#create as HTML
  Parameters: {"utf8"=>"✓", "authenticity_token"=>"fG+N87zNrCV5iOysKdIuHkXd2vvgxVUVjIU2KXR8fevINKWwwOWbmCyiIapLUp7PQKM0IES08sq/GSRjLHE+Pg==", "micropost"=>{"content"=>"", "user_id"=>""}, "commit"=>"Create Micropost"}
  [1m[35m (0.1ms)[0m  [1m[36mbegin transaction[0m
  ↳ app/controllers/microposts_controller.rb:30
  [1m[35m (0.1ms)[0m  [1m[31mrollback transaction[0m
  ↳ app/controllers/microposts_controller.rb:30
  Rendering microposts/new.html.erb within layouts/application
  Rendered microposts/_form.html.erb (2.7ms)
  Rendered microposts/new.html.erb within layouts/application (3.9ms)
Completed 200 OK in 117ms (Views: 21.5ms | ActiveRecord: 0.2ms)


Started GET "/users" for 127.0.0.1 at 2018-07-25 02:07:08 +0700
Processing by UsersController#index as HTML
Completed 500 Internal Server Error in 99ms (ActiveRecord: 0.0ms)


  
NameError (uninitialized constant User::FILL_IN):
  
app/models/user.rb:3:in `<class:User>'
app/models/user.rb:1:in `<main>'
app/controllers/users_controller.rb:7:in `index'
Started GET "/users" for 127.0.0.1 at 2018-07-25 02:07:49 +0700
Processing by UsersController#index as HTML
Completed 500 Internal Server Error in 5ms (ActiveRecord: 0.0ms)


  
NameError (uninitialized constant User::FILL_IN):
  
app/models/user.rb:3:in `<class:User>'
app/models/user.rb:1:in `<main>'
app/controllers/users_controller.rb:7:in `index'
Started GET "/users" for 127.0.0.1 at 2018-07-25 02:09:02 +0700
Processing by UsersController#index as HTML
Completed 500 Internal Server Error in 55ms (ActiveRecord: 0.8ms)


Started GET "/users" for 127.0.0.1 at 2018-07-25 02:09:03 +0700
  
NameError (undefined local variable or method `email' for #<Class:0x00007f4aea1939a8>):
  
app/models/user.rb:4:in `<class:User>'
app/models/user.rb:1:in `<main>'
app/controllers/users_controller.rb:7:in `index'
Processing by UsersController#index as HTML
Completed 500 Internal Server Error in 169ms (ActiveRecord: 0.7ms)


  
NameError (undefined local variable or method `email' for #<Class:0x00007f4ae98d91f0>):
  
app/models/user.rb:4:in `<class:User>'
app/models/user.rb:1:in `<main>'
app/controllers/users_controller.rb:7:in `index'
Started GET "/users" for 127.0.0.1 at 2018-07-25 02:09:04 +0700
Processing by UsersController#index as HTML
Completed 500 Internal Server Error in 13ms (ActiveRecord: 0.0ms)


  
NameError (undefined local variable or method `email' for #<Class:0x00007f4ae03922e0>):
  
app/models/user.rb:4:in `<class:User>'
app/models/user.rb:1:in `<main>'
app/controllers/users_controller.rb:7:in `index'
Started GET "/users" for 127.0.0.1 at 2018-07-25 02:09:19 +0700
Processing by UsersController#index as HTML
  Rendering users/index.html.erb within layouts/application
  [1m[36mUser Load (12.5ms)[0m  [1m[34mSELECT "users".* FROM "users"[0m
  ↳ app/views/users/index.html.erb:15
  Rendered users/index.html.erb within layouts/application (23.7ms)
Completed 200 OK in 237ms (Views: 160.2ms | ActiveRecord: 13.4ms)


Started GET "/users" for 127.0.0.1 at 2018-07-25 02:10:21 +0700
Processing by UsersController#index as HTML
  Rendering users/index.html.erb within layouts/application
  [1m[36mUser Load (0.2ms)[0m  [1m[34mSELECT "users".* FROM "users"[0m
  ↳ app/views/users/index.html.erb:15
  Rendered users/index.html.erb within layouts/application (8.8ms)
Completed 200 OK in 48ms (Views: 43.7ms | ActiveRecord: 0.8ms)


Started GET "/users/new" for 127.0.0.1 at 2018-07-25 02:10:22 +0700
Processing by UsersController#new as HTML
  Rendering users/new.html.erb within layouts/application
  Rendered users/_form.html.erb (2.9ms)
  Rendered users/new.html.erb within layouts/application (5.6ms)
Completed 200 OK in 69ms (Views: 34.2ms | ActiveRecord: 0.0ms)


Started POST "/users" for 127.0.0.1 at 2018-07-25 02:10:23 +0700
Processing by UsersController#create as HTML
  Parameters: {"utf8"=>"✓", "authenticity_token"=>"oAoYBZu8/sRtZ0bMvx98w1BsSdWEgos+bH2WaZE0kLjkvJKF+4hvSGFiJQ5qWw1ZLAaXR3VxESHwAGzb3khLNA==", "user"=>{"name"=>"", "email"=>""}, "commit"=>"Create User"}
  [1m[35m (0.1ms)[0m  [1m[36mbegin transaction[0m
  ↳ app/controllers/users_controller.rb:30
  [1m[35m (0.1ms)[0m  [1m[31mrollback transaction[0m
  ↳ app/controllers/users_controller.rb:30
Completed 500 Internal Server Error in 12ms (ActiveRecord: 0.2ms)


  
NoMethodError (undefined method `User' for #<User:0x00007f4ae9e0e5f8>):
  
app/controllers/users_controller.rb:30:in `block in create'
app/controllers/users_controller.rb:29:in `create'
Started POST "/users" for 127.0.0.1 at 2018-07-25 02:10:30 +0700
Processing by UsersController#create as HTML
  Parameters: {"utf8"=>"✓", "authenticity_token"=>"zknhd7Gt3qCsUCVCV8TqAjfY2sOliv2U3spmKohJV2W3Fztu6ojBKYBsKMV3WzhUxQ8z/1uYidjPbp8NNHOsvA==", "user"=>{"name"=>"", "email"=>"vxvx"}, "commit"=>"Create User"}
  [1m[35m (0.1ms)[0m  [1m[36mbegin transaction[0m
  ↳ app/controllers/users_controller.rb:30
  [1m[35m (0.1ms)[0m  [1m[31mrollback transaction[0m
  ↳ app/controllers/users_controller.rb:30
Completed 500 Internal Server Error in 11ms (ActiveRecord: 0.3ms)


  
NoMethodError (undefined method `User' for #<User:0x00007f4aea239740>):
  
app/controllers/users_controller.rb:30:in `block in create'
app/controllers/users_controller.rb:29:in `create'
Started GET "/users/new" for 127.0.0.1 at 2018-07-25 02:10:45 +0700
Processing by UsersController#new as HTML
Completed 500 Internal Server Error in 57ms (ActiveRecord: 0.0ms)


  
NameError (uninitialized constant User::FILL_IN):
  
app/models/user.rb:3:in `<class:User>'
app/models/user.rb:1:in `<main>'
app/controllers/users_controller.rb:17:in `new'
Started GET "/users/new" for 127.0.0.1 at 2018-07-25 02:11:55 +0700
Processing by UsersController#new as HTML
Completed 500 Internal Server Error in 14ms (ActiveRecord: 0.4ms)


  
NameError (undefined local variable or method `email' for #<Class:0x00007f4ae94404e0>):
  
app/models/user.rb:3:in `<class:User>'
app/models/user.rb:1:in `<main>'
app/controllers/users_controller.rb:17:in `new'
Started GET "/users/new" for 127.0.0.1 at 2018-07-25 02:13:17 +0700
Processing by UsersController#new as HTML
Completed 500 Internal Server Error in 6ms (ActiveRecord: 0.0ms)


  
NameError (uninitialized constant User::FILL_IN):
  
app/models/user.rb:3:in `<class:User>'
app/models/user.rb:1:in `<main>'
app/controllers/users_controller.rb:17:in `new'
Started GET "/users/new" for 127.0.0.1 at 2018-07-25 02:16:17 +0700
Processing by UsersController#new as HTML
  Rendering users/new.html.erb within layouts/application
  Rendered users/_form.html.erb (3.2ms)
  Rendered users/new.html.erb within layouts/application (4.9ms)
Completed 200 OK in 79ms (Views: 63.6ms | ActiveRecord: 0.6ms)


Started POST "/users" for 127.0.0.1 at 2018-07-25 02:16:19 +0700
Processing by UsersController#create as HTML
  Parameters: {"utf8"=>"✓", "authenticity_token"=>"nWEPnG7T6n71wmr3Q5UO3d/0cltviX0m1yJFrLFg2gnkP9WFNfb199n+Z3BjCtyLLSObZ5GbCWrGhryLDVoh0A==", "user"=>{"name"=>"", "email"=>""}, "commit"=>"Create User"}
  [1m[35m (0.1ms)[0m  [1m[36mbegin transaction[0m
  ↳ app/controllers/users_controller.rb:30
  [1m[35m (0.1ms)[0m  [1m[31mrollback transaction[0m
  ↳ app/controllers/users_controller.rb:30
  Rendering users/new.html.erb within layouts/application
  Rendered users/_form.html.erb (2.4ms)
  Rendered users/new.html.erb within layouts/application (3.9ms)
Completed 200 OK in 36ms (Views: 31.9ms | ActiveRecord: 0.2ms)


